-------------------------------------------------------------------------------
Test set: com.fstop.test.TestApplicationTests
-------------------------------------------------------------------------------
Tests run: 1, Failures: 0, Errors: 1, Skipped: 0, Time elapsed: 0.31 s <<< FAILURE! - in com.fstop.test.TestApplicationTests
com.fstop.test.TestApplicationTests  Time elapsed: 0.308 s  <<< ERROR!
java.lang.IllegalStateException: Found multiple @SpringBootConfiguration annotated classes [Generic bean: class [com.fstop.test.DemoApplication]; scope=; abstract=false; lazyInit=null; autowireMode=0; dependencyCheck=0; autowireCandidate=true; primary=false; factoryBeanName=null; factoryMethodName=null; initMethodName=null; destroyMethodName=null; defined in file [C:\workForTBB\workSpace10\SpringBootCRUDTest\test\target\classes\com\fstop\test\DemoApplication.class], Generic bean: class [com.fstop.test.TestApplication]; scope=; abstract=false; lazyInit=null; autowireMode=0; dependencyCheck=0; autowireCandidate=true; primary=false; factoryBeanName=null; factoryMethodName=null; initMethodName=null; destroyMethodName=null; defined in file [C:\workForTBB\workSpace10\SpringBootCRUDTest\test\target\classes\com\fstop\test\TestApplication.class]]

