<?xml version="1.0" encoding="UTF-8"?>
<testsuite xmlns:xsi="http://www.w3.org/2001/XMLSchema-instance" xsi:noNamespaceSchemaLocation="https://maven.apache.org/surefire/maven-surefire-plugin/xsd/surefire-test-report.xsd" name="com.fstop.test.TestApplicationTests" time="0.337" tests="1" errors="1" skipped="0" failures="0">
  <properties>
[...]
</properties>
  <testcase name="com.fstop.test.TestApplicationTests" classname="com.fstop.test.TestApplicationTests" time="0.335">
    <error message="Found multiple @SpringBootConfiguration annotated classes [Generic bean: class [com.fstop.test.DemoApplication]; scope=; abstract=false; lazyInit=null; autowireMode=0; dependencyCheck=0; autowireCandidate=true; primary=false; factoryBeanName=null; factoryMethodName=null; initMethodName=null; destroyMethodName=null; defined in file [C:\workForTBB\workSpace10\SpringBootCRUDTest\test\target\classes\com\fstop\test\DemoApplication.class], Generic bean: class [com.fstop.test.TestApplication]; scope=; abstract=false; lazyInit=null; autowireMode=0; dependencyCheck=0; autowireCandidate=true; primary=false; factoryBeanName=null; factoryMethodName=null; initMethodName=null; destroyMethodName=null; defined in file [C:\workForTBB\workSpace10\SpringBootCRUDTest\test\target\classes\com\fstop\test\TestApplication.class]]" type="java.lang.IllegalStateException">java.lang.IllegalStateException: Found multiple @SpringBootConfiguration annotated classes [Generic bean: class [com.fstop.test.DemoApplication]; scope=; abstract=false; lazyInit=null; autowireMode=0; dependencyCheck=0; autowireCandidate=true; primary=false; factoryBeanName=null; factoryMethodName=null; initMethodName=null; destroyMethodName=null; defined in file [C:\workForTBB\workSpace10\SpringBootCRUDTest\test\target\classes\com\fstop\test\DemoApplication.class], Generic bean: class [com.fstop.test.TestApplication]; scope=; abstract=false; lazyInit=null; autowireMode=0; dependencyCheck=0; autowireCandidate=true; primary=false; factoryBeanName=null; factoryMethodName=null; initMethodName=null; destroyMethodName=null; defined in file [C:\workForTBB\workSpace10\SpringBootCRUDTest\test\target\classes\com\fstop\test\TestApplication.class]]
</error>
    <system-out><![CDATA[16:09:55.839 [main] DEBUG org.springframework.test.context.BootstrapUtils - Instantiating CacheAwareContextLoaderDelegate from class [org.springframework.test.context.cache.DefaultCacheAwareContextLoaderDelegate]
16:09:55.856 [main] DEBUG org.springframework.test.context.BootstrapUtils - Instantiating BootstrapContext using constructor [public org.springframework.test.context.support.DefaultBootstrapContext(java.lang.Class,org.springframework.test.context.CacheAwareContextLoaderDelegate)]
16:09:55.898 [main] DEBUG org.springframework.test.context.BootstrapUtils - Instantiating TestContextBootstrapper for test class [com.fstop.test.TestApplicationTests] from class [org.springframework.boot.test.context.SpringBootTestContextBootstrapper]
16:09:55.913 [main] INFO org.springframework.boot.test.context.SpringBootTestContextBootstrapper - Neither @ContextConfiguration nor @ContextHierarchy found for test class [com.fstop.test.TestApplicationTests], using SpringBootContextLoader
16:09:55.920 [main] DEBUG org.springframework.test.context.support.AbstractContextLoader - Did not detect default resource location for test class [com.fstop.test.TestApplicationTests]: class path resource [com/fstop/test/TestApplicationTests-context.xml] does not exist
16:09:55.920 [main] DEBUG org.springframework.test.context.support.AbstractContextLoader - Did not detect default resource location for test class [com.fstop.test.TestApplicationTests]: class path resource [com/fstop/test/TestApplicationTestsContext.groovy] does not exist
16:09:55.921 [main] INFO org.springframework.test.context.support.AbstractContextLoader - Could not detect default resource locations for test class [com.fstop.test.TestApplicationTests]: no resource found for suffixes {-context.xml, Context.groovy}.
16:09:55.922 [main] INFO org.springframework.test.context.support.AnnotationConfigContextLoaderUtils - Could not detect default configuration classes for test class [com.fstop.test.TestApplicationTests]: TestApplicationTests does not declare any static, non-private, non-final, nested classes annotated with @Configuration.
16:09:55.987 [main] DEBUG org.springframework.test.context.support.ActiveProfilesUtils - Could not find an 'annotation declaring class' for annotation type [org.springframework.test.context.ActiveProfiles] and class [com.fstop.test.TestApplicationTests]
16:09:56.064 [main] DEBUG org.springframework.context.annotation.ClassPathScanningCandidateComponentProvider - Identified candidate component class: file [C:\workForTBB\workSpace10\SpringBootCRUDTest\test\target\classes\com\fstop\test\DemoApplication.class]
16:09:56.071 [main] DEBUG org.springframework.context.annotation.ClassPathScanningCandidateComponentProvider - Identified candidate component class: file [C:\workForTBB\workSpace10\SpringBootCRUDTest\test\target\classes\com\fstop\test\TestApplication.class]
]]></system-out>
  </testcase>
</testsuite>